
GTKWave Analyzer v3.3.104 (w)1999-2020 BSI


(gtkwave:90641): dconf-WARNING **: 19:44:11.228: failed to commit changes to dconf: Could not connect: No such file or directory
[0] start time.
[1020] end time.
** WARNING: Error opening save file 'testbench.gtkw', skipping.

(gtkwave:90641): dconf-WARNING **: 19:44:11.326: failed to commit changes to dconf: Could not connect: No such file or directory

(gtkwave:90641): dconf-WARNING **: 19:44:11.326: failed to commit changes to dconf: Could not connect: No such file or directory

GTKWave Analyzer v3.3.104 (w)1999-2020 BSI


(gtkwave:94239): dconf-WARNING **: 20:03:02.706: failed to commit changes to dconf: Could not connect: No such file or directory
[0] start time.
[1020] end time.
** WARNING: Error opening save file 'testbench.gtkw', skipping.

(gtkwave:94239): dconf-WARNING **: 20:03:02.803: failed to commit changes to dconf: Could not connect: No such file or directory

(gtkwave:94239): dconf-WARNING **: 20:03:02.803: failed to commit changes to dconf: Could not connect: No such file or directory

(gtkwave:94239): dconf-WARNING **: 20:03:02.803: failed to commit changes to dconf: Could not connect: No such file or directory
WM Destroy

GTKWave Analyzer v3.3.104 (w)1999-2020 BSI


(gtkwave:95389): dconf-WARNING **: 20:09:10.925: failed to commit changes to dconf: Could not connect: No such file or directory
[0] start time.
[1020] end time.
** WARNING: Error opening save file 'testbench.gtkw', skipping.

(gtkwave:95389): dconf-WARNING **: 20:09:10.998: failed to commit changes to dconf: Could not connect: No such file or directory

(gtkwave:95389): dconf-WARNING **: 20:09:10.999: failed to commit changes to dconf: Could not connect: No such file or directory

(gtkwave:95389): dconf-WARNING **: 20:09:10.999: failed to commit changes to dconf: Could not connect: No such file or directory

GTKWave Analyzer v3.3.104 (w)1999-2020 BSI


(gtkwave:97102): dconf-WARNING **: 20:18:36.785: failed to commit changes to dconf: Could not connect: No such file or directory
[0] start time.
[1020] end time.
** WARNING: Error opening save file 'testbench.gtkw', skipping.

(gtkwave:97102): dconf-WARNING **: 20:18:36.863: failed to commit changes to dconf: Could not connect: No such file or directory

(gtkwave:97102): dconf-WARNING **: 20:18:36.863: failed to commit changes to dconf: Could not connect: No such file or directory

(gtkwave:97102): dconf-WARNING **: 20:18:36.863: failed to commit changes to dconf: Could not connect: No such file or directory
WM Destroy

GTKWave Analyzer v3.3.104 (w)1999-2020 BSI


(gtkwave:97223): dconf-WARNING **: 20:18:51.384: failed to commit changes to dconf: Could not connect: No such file or directory
[0] start time.
[1020] end time.
** WARNING: Error opening save file 'testbench.gtkw', skipping.

(gtkwave:97223): dconf-WARNING **: 20:18:51.464: failed to commit changes to dconf: Could not connect: No such file or directory

(gtkwave:97223): dconf-WARNING **: 20:18:51.465: failed to commit changes to dconf: Could not connect: No such file or directory

(gtkwave:97223): dconf-WARNING **: 20:18:51.465: failed to commit changes to dconf: Could not connect: No such file or directory
WM Destroy
WM Destroy
WM Destroy

GTKWave Analyzer v3.3.104 (w)1999-2020 BSI


(gtkwave:97720): dconf-WARNING **: 20:21:14.649: failed to commit changes to dconf: Could not connect: No such file or directory
[0] start time.
[1020] end time.
** WARNING: Error opening save file 'testbench.gtkw', skipping.

(gtkwave:97720): dconf-WARNING **: 20:21:14.728: failed to commit changes to dconf: Could not connect: No such file or directory

(gtkwave:97720): dconf-WARNING **: 20:21:14.729: failed to commit changes to dconf: Could not connect: No such file or directory

(gtkwave:97720): dconf-WARNING **: 20:21:14.729: failed to commit changes to dconf: Could not connect: No such file or directory

GTKWave Analyzer v3.3.104 (w)1999-2020 BSI


(gtkwave:97958): dconf-WARNING **: 20:22:15.855: failed to commit changes to dconf: Could not connect: No such file or directory
[0] start time.
[1020] end time.
** WARNING: Error opening save file 'testbench.gtkw', skipping.

(gtkwave:97958): dconf-WARNING **: 20:22:15.931: failed to commit changes to dconf: Could not connect: No such file or directory

(gtkwave:97958): dconf-WARNING **: 20:22:15.931: failed to commit changes to dconf: Could not connect: No such file or directory

(gtkwave:97958): dconf-WARNING **: 20:22:15.931: failed to commit changes to dconf: Could not connect: No such file or directory
WM Destroy
WM Destroy

GTKWave Analyzer v3.3.104 (w)1999-2020 BSI


(gtkwave:98131): dconf-WARNING **: 20:22:53.523: failed to commit changes to dconf: Could not connect: No such file or directory
[0] start time.
[1020] end time.
** WARNING: Error opening save file 'testbench.gtkw', skipping.

(gtkwave:98131): dconf-WARNING **: 20:22:53.594: failed to commit changes to dconf: Could not connect: No such file or directory

(gtkwave:98131): dconf-WARNING **: 20:22:53.594: failed to commit changes to dconf: Could not connect: No such file or directory

(gtkwave:98131): dconf-WARNING **: 20:22:53.594: failed to commit changes to dconf: Could not connect: No such file or directory
WM Destroy

GTKWave Analyzer v3.3.104 (w)1999-2020 BSI


(gtkwave:98379): dconf-WARNING **: 20:23:53.377: failed to commit changes to dconf: Could not connect: No such file or directory
[0] start time.
[1020] end time.
** WARNING: Error opening save file 'testbench.gtkw', skipping.

(gtkwave:98379): dconf-WARNING **: 20:23:53.456: failed to commit changes to dconf: Could not connect: No such file or directory

(gtkwave:98379): dconf-WARNING **: 20:23:53.456: failed to commit changes to dconf: Could not connect: No such file or directory

(gtkwave:98379): dconf-WARNING **: 20:23:53.456: failed to commit changes to dconf: Could not connect: No such file or directory
WM Destroy

GTKWave Analyzer v3.3.104 (w)1999-2020 BSI


(gtkwave:98634): dconf-WARNING **: 20:24:46.900: failed to commit changes to dconf: Could not connect: No such file or directory
[0] start time.
[1020] end time.
** WARNING: Error opening save file 'testbench.gtkw', skipping.

(gtkwave:98634): dconf-WARNING **: 20:24:46.971: failed to commit changes to dconf: Could not connect: No such file or directory

(gtkwave:98634): dconf-WARNING **: 20:24:46.971: failed to commit changes to dconf: Could not connect: No such file or directory

(gtkwave:98634): dconf-WARNING **: 20:24:46.971: failed to commit changes to dconf: Could not connect: No such file or directory

GTKWave Analyzer v3.3.104 (w)1999-2020 BSI


(gtkwave:98782): dconf-WARNING **: 20:25:13.202: failed to commit changes to dconf: Could not connect: No such file or directory
[0] start time.
[1020] end time.
** WARNING: Error opening save file 'testbench.gtkw', skipping.

(gtkwave:98782): dconf-WARNING **: 20:25:13.291: failed to commit changes to dconf: Could not connect: No such file or directory

(gtkwave:98782): dconf-WARNING **: 20:25:13.291: failed to commit changes to dconf: Could not connect: No such file or directory

GTKWave Analyzer v3.3.104 (w)1999-2020 BSI


(gtkwave:99396): dconf-WARNING **: 20:28:21.374: failed to commit changes to dconf: Could not connect: No such file or directory
[0] start time.
[1020] end time.
** WARNING: Error opening save file 'testbench.gtkw', skipping.

(gtkwave:99396): dconf-WARNING **: 20:28:21.452: failed to commit changes to dconf: Could not connect: No such file or directory

(gtkwave:99396): dconf-WARNING **: 20:28:21.452: failed to commit changes to dconf: Could not connect: No such file or directory

(gtkwave:99396): dconf-WARNING **: 20:28:21.452: failed to commit changes to dconf: Could not connect: No such file or directory
WM Destroy
WM Destroy
WM Destroy

GTKWave Analyzer v3.3.104 (w)1999-2020 BSI


(gtkwave:101160): dconf-WARNING **: 20:37:27.877: failed to commit changes to dconf: Could not connect: No such file or directory
[0] start time.
[1020] end time.
** WARNING: Error opening save file 'testbench.gtkw', skipping.

(gtkwave:101160): dconf-WARNING **: 20:37:27.955: failed to commit changes to dconf: Could not connect: No such file or directory

(gtkwave:101160): dconf-WARNING **: 20:37:27.956: failed to commit changes to dconf: Could not connect: No such file or directory

(gtkwave:101160): dconf-WARNING **: 20:37:27.956: failed to commit changes to dconf: Could not connect: No such file or directory
WM Destroy

GTKWave Analyzer v3.3.104 (w)1999-2020 BSI


(gtkwave:103741): dconf-WARNING **: 20:50:20.362: failed to commit changes to dconf: Could not connect: No such file or directory
[0] start time.
[1020] end time.
** WARNING: Error opening save file 'testbench.gtkw', skipping.

(gtkwave:103741): dconf-WARNING **: 20:50:20.463: failed to commit changes to dconf: Could not connect: No such file or directory

(gtkwave:103741): dconf-WARNING **: 20:50:20.463: failed to commit changes to dconf: Could not connect: No such file or directory

(gtkwave:103741): dconf-WARNING **: 20:50:20.463: failed to commit changes to dconf: Could not connect: No such file or directory
WM Destroy

GTKWave Analyzer v3.3.104 (w)1999-2020 BSI


(gtkwave:106718): dconf-WARNING **: 21:06:26.646: failed to commit changes to dconf: Could not connect: No such file or directory
[0] start time.
[1020] end time.
** WARNING: Error opening save file 'testbench.gtkw', skipping.

(gtkwave:106718): dconf-WARNING **: 21:06:26.750: failed to commit changes to dconf: Could not connect: No such file or directory

(gtkwave:106718): dconf-WARNING **: 21:06:26.751: failed to commit changes to dconf: Could not connect: No such file or directory

(gtkwave:106718): dconf-WARNING **: 21:06:26.751: failed to commit changes to dconf: Could not connect: No such file or directory
WM Destroy

GTKWave Analyzer v3.3.104 (w)1999-2020 BSI


(gtkwave:109102): dconf-WARNING **: 21:19:27.442: failed to commit changes to dconf: Could not connect: No such file or directory
[0] start time.
[1020] end time.
** WARNING: Error opening save file 'testbench.gtkw', skipping.

(gtkwave:109102): dconf-WARNING **: 21:19:27.514: failed to commit changes to dconf: Could not connect: No such file or directory

(gtkwave:109102): dconf-WARNING **: 21:19:27.514: failed to commit changes to dconf: Could not connect: No such file or directory

(gtkwave:109102): dconf-WARNING **: 21:19:27.514: failed to commit changes to dconf: Could not connect: No such file or directory
